SF:lib/data/model/restaurant.dart
DA:5,1
DA:7,0
DA:8,0
DA:9,0
DA:10,0
DA:13,0
DA:14,0
DA:15,0
DA:27,3
DA:36,2
DA:37,1
DA:38,1
DA:39,1
DA:40,1
DA:41,1
DA:42,2
DA:45,0
DA:46,0
DA:47,0
DA:48,0
DA:49,0
DA:50,0
DA:51,0
DA:54,1
DA:55,7
LF:25
LH:11
end_of_record
SF:lib/data/model/search_restaurant.dart
DA:4,1
DA:6,0
DA:7,0
DA:8,0
DA:9,0
DA:10,0
DA:11,0
DA:23,1
DA:32,0
DA:33,0
DA:34,0
DA:35,0
DA:36,0
DA:37,0
DA:38,0
DA:39,0
LF:16
LH:2
end_of_record
SF:lib/domain/usecase/get_search_restaurants.dart
DA:8,0
DA:10,0
DA:11,0
LF:3
LH:0
end_of_record
SF:lib/presentation/search/bloc/search_bloc.dart
DA:13,3
DA:14,2
DA:15,2
DA:16,3
DA:17,1
DA:18,4
DA:19,3
LF:7
LH:7
end_of_record
SF:lib/presentation/search/bloc/search_state.dart
DA:5,2
DA:7,1
DA:8,1
DA:17,1
DA:19,1
DA:20,2
DA:25,2
DA:27,1
DA:28,2
LF:9
LH:9
end_of_record
SF:lib/presentation/search/bloc/search_event.dart
DA:5,1
DA:7,0
DA:8,0
DA:13,1
DA:15,0
DA:16,0
LF:6
LH:2
end_of_record
SF:lib/utils/failure.dart
DA:5,4
DA:7,0
DA:8,0
DA:12,4
DA:16,0
DA:20,0
LF:6
LH:2
end_of_record
SF:lib/data/model/detail_restaurant.dart
DA:3,1
DA:5,0
DA:6,0
DA:7,0
DA:23,1
DA:36,0
DA:37,0
DA:38,0
DA:39,0
DA:40,0
DA:41,0
DA:42,0
DA:43,0
DA:44,0
DA:45,0
DA:46,0
DA:47,0
DA:48,0
DA:49,0
DA:51,0
DA:52,0
DA:53,0
DA:54,0
DA:63,1
DA:65,0
DA:66,0
DA:67,0
DA:69,0
DA:70,0
DA:77,1
DA:79,0
DA:84,1
DA:86,0
DA:87,0
DA:92,1
DA:94,0
DA:95,0
DA:103,2
DA:109,0
DA:110,0
DA:111,0
DA:112,0
DA:113,0
LF:43
LH:7
end_of_record
SF:lib/data/model/review.dart
DA:5,1
DA:7,0
DA:8,0
DA:9,0
DA:18,0
DA:24,0
DA:25,0
DA:26,0
DA:27,0
LF:9
LH:1
end_of_record
SF:lib/domain/usecase/get_restaurants.dart
DA:8,0
DA:10,0
DA:11,0
LF:3
LH:0
end_of_record
SF:lib/presentation/list/bloc/restaurants_bloc.dart
DA:13,1
DA:14,2
DA:15,2
DA:16,2
DA:17,2
DA:18,1
DA:19,4
DA:20,3
LF:8
LH:8
end_of_record
SF:lib/presentation/list/bloc/restaurants_event.dart
DA:5,1
DA:7,0
DA:8,0
LF:3
LH:1
end_of_record
SF:lib/presentation/list/bloc/restaurants_state.dart
DA:5,2
DA:7,1
DA:8,1
DA:17,1
DA:19,1
DA:20,2
DA:25,2
DA:27,1
DA:28,2
LF:9
LH:9
end_of_record
SF:lib/domain/usecase/add_review.dart
DA:8,0
DA:10,0
DA:11,0
LF:3
LH:0
end_of_record
SF:lib/presentation/detail/bloc/add_review_state.dart
DA:5,2
DA:7,1
DA:8,1
DA:17,1
DA:19,1
DA:20,2
DA:25,2
DA:27,1
DA:28,2
LF:9
LH:9
end_of_record
SF:lib/presentation/detail/bloc/add_review_event.dart
DA:5,1
DA:7,0
DA:8,0
DA:13,1
DA:15,0
DA:16,0
LF:6
LH:2
end_of_record
SF:lib/presentation/detail/bloc/add_review_bloc.dart
DA:12,3
DA:13,2
DA:14,2
DA:15,3
DA:16,1
DA:17,4
DA:18,3
LF:7
LH:7
end_of_record
SF:lib/domain/usecase/get_detail_restaurant.dart
DA:8,0
DA:10,0
DA:11,0
LF:3
LH:0
end_of_record
SF:lib/presentation/detail/bloc/detail_restaurant_bloc.dart
DA:13,1
DA:14,2
DA:15,2
DA:16,2
DA:17,3
DA:18,1
DA:19,4
DA:20,3
LF:8
LH:8
end_of_record
SF:lib/presentation/detail/bloc/detail_restaurant_event.dart
DA:5,1
DA:7,0
DA:8,0
DA:13,1
DA:15,0
DA:16,0
LF:6
LH:2
end_of_record
SF:lib/presentation/detail/bloc/detail_restaurant_state.dart
DA:5,2
DA:7,1
DA:8,1
DA:17,1
DA:19,1
DA:20,2
DA:25,2
DA:27,1
DA:28,2
LF:9
LH:9
end_of_record
